<?xml version="1.0" encoding="UTF-8"?>
<!-- Generated by org.testng.reporters.JUnitXMLReporter -->
<testsuite hostname="Wendy" ignored="0" name="page-object" tests="1" failures="1" timestamp="17 abr 2018 23:29:32 GMT" time="0.019" errors="0">
  <testcase name="regformTest" time="0.0" classname="test.RegformTest">
    <failure type="org.testng.TestNGException" message="
Parameter &amp;apos;name&amp;apos; is required by @Test on method regformTest but has not been marked @Optional or defined
in C:\Users\wendy\.IdeaIC2017.3\system\temp-testng-customsuite.xml">
      <![CDATA[org.testng.TestNGException: 
Parameter 'name' is required by @Test on method regformTest but has not been marked @Optional or defined
in C:\Users\wendy\.IdeaIC2017.3\system\temp-testng-customsuite.xml
... Removed 22 stack frames]]>
    </failure>
  </testcase> <!-- regformTest -->
</testsuite> <!-- page-object -->
